<?xml version="1.0" encoding="UTF-8"?>
<!-- Generated by org.testng.reporters.JUnitReportReporter -->
<testsuite name="testClasses.MedicationTest" tests="7" time="46.249" ignored="0" failures="0" timestamp="30 Mar 2017 18:28:46 GMT" skipped="0" hostname="VaishaliRajput" errors="0">
  <testcase name="backArrowClickOnSearchMedicine" time="3.197" classname="testClasses.MedicationTest"/>
  <testcase name="verifyElementOnEnterMedicineNameScreen" time="0.627" classname="testClasses.MedicationTest"/>
  <testcase name="enterLessCharInEnterMedicine" time="5.409" classname="testClasses.MedicationTest"/>
  <testcase name="crossClickActionOnSearchMedicine" time="0.877" classname="testClasses.MedicationTest"/>
  <testcase name="navigateOnAddMedicationAndFrequency" time="22.741" classname="testClasses.MedicationTest"/>
  <testcase name="enterMedicineNameAndSelectAnyMedicine" time="11.112" classname="testClasses.MedicationTest"/>
  <testcase name="clickActionOnSearchMedication" time="2.286" classname="testClasses.MedicationTest"/>
</testsuite> <!-- testClasses.MedicationTest -->
