<?xml version="1.0" encoding="UTF-8"?>
<!-- Generated by org.testng.reporters.JUnitReportReporter -->
<testsuite name="testClasses.UpdateTest" tests="1" time="42.372" ignored="0" failures="0" timestamp="14 Jul 2017 07:52:44 GMT" skipped="0" hostname="VaishaliRajput" errors="0">
  <testcase name="genderUpdate" time="42.372" classname="testClasses.UpdateTest"/>
</testsuite> <!-- testClasses.UpdateTest -->
