<?xml version="1.0" encoding="UTF-8"?>
<!-- Generated by org.testng.reporters.JUnitReportReporter -->
<testsuite name="testClasses.LoginTest" tests="4" time="31.255" ignored="0" failures="0" timestamp="23 Mar 2017 20:39:20 GMT" skipped="0" hostname="VaishaliRajput" errors="0">
  <testcase name="EnterMobileNo" time="6.996" classname="testClasses.LoginTest"/>
  <testcase name="aloginScreenvalidation" time="12.510" classname="testClasses.LoginTest"/>
  <testcase name="acceptHippa" time="3.134" classname="testClasses.LoginTest"/>
  <testcase name="enterPassword" time="8.615" classname="testClasses.LoginTest"/>
</testsuite> <!-- testClasses.LoginTest -->
