<?xml version="1.0" encoding="UTF-8"?>
<!-- Generated by org.testng.reporters.JUnitReportReporter -->
<testsuite name="testClasses.LoginTest" tests="4" time="32.267" ignored="0" failures="0" timestamp="27 Mar 2017 16:16:50 GMT" skipped="0" hostname="VaishaliRajput" errors="0">
  <testcase name="aloginScreenvalidation" time="14.635" classname="testClasses.LoginTest"/>
  <testcase name="enterPassword" time="8.287" classname="testClasses.LoginTest"/>
  <testcase name="EnterMobileNo" time="7.089" classname="testClasses.LoginTest"/>
  <testcase name="acceptHippa" time="2.256" classname="testClasses.LoginTest"/>
</testsuite> <!-- testClasses.LoginTest -->
