<?xml version="1.0" encoding="UTF-8"?>
<!-- Generated by org.testng.reporters.JUnitReportReporter -->
<testsuite name="testClasses.MedicationTest" tests="1" time="73.452" ignored="0" failures="0" timestamp="28 Mar 2017 17:23:23 GMT" skipped="0" hostname="VaishaliRajput" errors="0">
  <testcase name="clickOnMedicationTab" time="73.452" classname="testClasses.MedicationTest"/>
</testsuite> <!-- testClasses.MedicationTest -->
