<?xml version="1.0" encoding="UTF-8"?>
<!-- Generated by org.testng.reporters.JUnitReportReporter -->
<testsuite name="testClasses.UpdateTest" tests="6" time="402.199" ignored="0" failures="0" timestamp="14 Jul 2017 11:22:35 GMT" skipped="0" hostname="VaishaliRajput" errors="0">
  <testcase name="verifyElementsOnUpdateScreen" time="0.316" classname="testClasses.UpdateTest"/>
  <testcase name="genderUpdate" time="43.636" classname="testClasses.UpdateTest"/>
  <testcase name="updateAadhar" time="56.168" classname="testClasses.UpdateTest"/>
  <testcase name="maritalStatusUpdate" time="167.665" classname="testClasses.UpdateTest"/>
  <testcase name="removeFirstName" time="28.739" classname="testClasses.UpdateTest"/>
  <testcase name="nameUpdate" time="105.675" classname="testClasses.UpdateTest"/>
</testsuite> <!-- testClasses.UpdateTest -->
