<?xml version="1.0" encoding="UTF-8"?>
<!-- Generated by org.testng.reporters.JUnitReportReporter -->
<testsuite name="testClasses.MedicationTest" tests="7" time="46.762" ignored="0" failures="0" timestamp="31 Mar 2017 05:44:08 GMT" skipped="0" hostname="VaishaliRajput" errors="0">
  <testcase name="backArrowClickOnSearchMedicine" time="3.247" classname="testClasses.MedicationTest"/>
  <testcase name="verifyElementOnEnterMedicineNameScreen" time="0.917" classname="testClasses.MedicationTest"/>
  <testcase name="enterLessCharInEnterMedicine" time="5.488" classname="testClasses.MedicationTest"/>
  <testcase name="crossClickActionOnSearchMedicine" time="0.924" classname="testClasses.MedicationTest"/>
  <testcase name="navigateOnAddMedicationAndFrequency" time="19.921" classname="testClasses.MedicationTest"/>
  <testcase name="enterMedicineNameAndSelectAnyMedicine" time="12.474" classname="testClasses.MedicationTest"/>
  <testcase name="clickActionOnSearchMedication" time="3.791" classname="testClasses.MedicationTest"/>
</testsuite> <!-- testClasses.MedicationTest -->
