<?xml version="1.0" encoding="UTF-8"?>
<!-- Generated by org.testng.reporters.JUnitReportReporter -->
<testsuite name="testClasses.MedicationTest" tests="1" time="60.718" ignored="0" failures="0" timestamp="27 Mar 2017 18:04:57 GMT" skipped="0" hostname="VaishaliRajput" errors="0">
  <testcase name="clickOnMedicationTab" time="60.718" classname="testClasses.MedicationTest"/>
</testsuite> <!-- testClasses.MedicationTest -->
